c:\.computing\.year 2\object oriented\week2\coursework\coursework\x64\debug\vc143.pdb
c:\.computing\.year 2\object oriented\week2\coursework\coursework\x64\debug\vc143.idb
c:\.computing\.year 2\object oriented\week2\coursework\coursework\x64\debug\pch.obj
c:\.computing\.year 2\object oriented\week2\coursework\coursework\x64\debug\enemyroom.obj
c:\.computing\.year 2\object oriented\week2\coursework\coursework\x64\debug\emptyroom.obj
c:\.computing\.year 2\object oriented\week2\coursework\coursework\x64\debug\coursework.obj
c:\.computing\.year 2\object oriented\week2\coursework\coursework\x64\debug\chestroom.obj
c:\.computing\.year 2\object oriented\week2\coursework\coursework\x64\debug\room.obj
c:\.computing\.year 2\object oriented\week2\coursework\coursework\x64\debug\monk.obj
c:\.computing\.year 2\object oriented\week2\coursework\coursework\x64\debug\battle.obj
c:\.computing\.year 2\object oriented\week2\coursework\coursework\x64\debug\enemy.obj
c:\.computing\.year 2\object oriented\week2\coursework\x64\debug\coursework.exe
c:\.computing\.year 2\object oriented\week2\coursework\coursework\x64\debug\coursework.ilk
c:\.computing\.year 2\object oriented\week2\coursework\x64\debug\coursework.pdb
c:\.computing\.year 2\object oriented\week2\coursework\coursework\x64\debug\enemy.obj.enc
c:\.computing\.year 2\object oriented\week2\coursework\coursework\x64\debug\coursework.tlog\cl.command.1.tlog
c:\.computing\.year 2\object oriented\week2\coursework\coursework\x64\debug\coursework.tlog\cl.read.1.tlog
c:\.computing\.year 2\object oriented\week2\coursework\coursework\x64\debug\coursework.tlog\cl.write.1.tlog
c:\.computing\.year 2\object oriented\week2\coursework\coursework\x64\debug\coursework.tlog\link.command.1.tlog
c:\.computing\.year 2\object oriented\week2\coursework\coursework\x64\debug\coursework.tlog\link.read.1.tlog
c:\.computing\.year 2\object oriented\week2\coursework\coursework\x64\debug\coursework.tlog\link.write.1.tlog
